2026-07-15 23:09:09 [INFO] apscheduler.scheduler: Adding job tentatively -- it will be properly scheduled when the scheduler starts
2026-07-15 23:09:09 [INFO] apscheduler.scheduler: Added job "_make_sync_job" to job store "default"
2026-07-15 23:09:09 [INFO] apscheduler.scheduler: Scheduler started
2026-07-15 23:09:24 [ERROR] app.routers.creators: 解析 UP 主名称失败 uid=178753244
Traceback (most recent call last):
  File "D:\chen\bilibili-tag-group\app\routers\creators.py", line 139, in resolve_creator_name
    info = _fetcher.fetch_creator_info(uid)
  File "D:\chen\bilibili-tag-group\app\fetcher\playwright_fetcher.py", line 301, in fetch_creator_info
    context = self._create_context()
  File "D:\chen\bilibili-tag-group\app\fetcher\playwright_fetcher.py", line 123, in _create_context
    browser = self._get_browser(self._headless)
  File "D:\chen\bilibili-tag-group\app\fetcher\playwright_fetcher.py", line 99, in _get_browser
    tl.browser = pw.chromium.launch(headless=headless, args=_BROWSER_ARGS)
                 ~~~~~~~~~~~~~~~~~~^^^^^^^^^^^^^^^^^^^^^^^^^^^^^^^^^^^^^^^
  File "D:\chen\bilibili-tag-group\.venv\Lib\site-packages\playwright\sync_api\_generated.py", line 16515, in launch
    self._sync(
    ~~~~~~~~~~^
        self._impl_obj.launch(
        ^^^^^^^^^^^^^^^^^^^^^^
    ...<17 lines>...
        )
        ^
    )
    ^
  File "D:\chen\bilibili-tag-group\.venv\Lib\site-packages\playwright\_impl\_sync_base.py", line 115, in _sync
    return task.result()
           ~~~~~~~~~~~^^
  File "D:\chen\bilibili-tag-group\.venv\Lib\site-packages\playwright\_impl\_browser_type.py", line 97, in launch
    await self._channel.send(
        "launch", TimeoutSettings.launch_timeout, params
    )
  File "D:\chen\bilibili-tag-group\.venv\Lib\site-packages\playwright\_impl\_connection.py", line 69, in send
    return await self._connection.wrap_api_call(
           ^^^^^^^^^^^^^^^^^^^^^^^^^^^^^^^^^^^^^
    ...<3 lines>...
    )
    ^
  File "D:\chen\bilibili-tag-group\.venv\Lib\site-packages\playwright\_impl\_connection.py", line 563, in wrap_api_call
    raise rewrite_error(error, f"{parsed_st['apiName']}: {error}") from None
playwright._impl._errors.Error: BrowserType.launch: Executable doesn't exist at C:\Users\55012\AppData\Local\ms-playwright\chromium_headless_shell-1228\chrome-headless-shell-win64\chrome-headless-shell.exe
╔════════════════════════════════════════════════════════════╗
║ Looks like Playwright was just installed or updated.       ║
║ Please run the following command to download new browsers: ║
║                                                            ║
║     playwright install                                     ║
║                                                            ║
║ <3 Playwright Team                                         ║
╚════════════════════════════════════════════════════════════╝
2026-07-15 23:09:24 [ERROR] app.routers.creators: 解析 UP 主名称失败 uid=474417988
Traceback (most recent call last):
  File "D:\chen\bilibili-tag-group\app\routers\creators.py", line 139, in resolve_creator_name
    info = _fetcher.fetch_creator_info(uid)
  File "D:\chen\bilibili-tag-group\app\fetcher\playwright_fetcher.py", line 301, in fetch_creator_info
    context = self._create_context()
  File "D:\chen\bilibili-tag-group\app\fetcher\playwright_fetcher.py", line 123, in _create_context
    browser = self._get_browser(self._headless)
  File "D:\chen\bilibili-tag-group\app\fetcher\playwright_fetcher.py", line 99, in _get_browser
    tl.browser = pw.chromium.launch(headless=headless, args=_BROWSER_ARGS)
                 ~~~~~~~~~~~~~~~~~~^^^^^^^^^^^^^^^^^^^^^^^^^^^^^^^^^^^^^^^
  File "D:\chen\bilibili-tag-group\.venv\Lib\site-packages\playwright\sync_api\_generated.py", line 16515, in launch
    self._sync(
    ~~~~~~~~~~^
        self._impl_obj.launch(
        ^^^^^^^^^^^^^^^^^^^^^^
    ...<17 lines>...
        )
        ^
    )
    ^
  File "D:\chen\bilibili-tag-group\.venv\Lib\site-packages\playwright\_impl\_sync_base.py", line 115, in _sync
    return task.result()
           ~~~~~~~~~~~^^
  File "D:\chen\bilibili-tag-group\.venv\Lib\site-packages\playwright\_impl\_browser_type.py", line 97, in launch
    await self._channel.send(
        "launch", TimeoutSettings.launch_timeout, params
    )
  File "D:\chen\bilibili-tag-group\.venv\Lib\site-packages\playwright\_impl\_connection.py", line 69, in send
    return await self._connection.wrap_api_call(
           ^^^^^^^^^^^^^^^^^^^^^^^^^^^^^^^^^^^^^
    ...<3 lines>...
    )
    ^
  File "D:\chen\bilibili-tag-group\.venv\Lib\site-packages\playwright\_impl\_connection.py", line 563, in wrap_api_call
    raise rewrite_error(error, f"{parsed_st['apiName']}: {error}") from None
playwright._impl._errors.Error: BrowserType.launch: Executable doesn't exist at C:\Users\55012\AppData\Local\ms-playwright\chromium_headless_shell-1228\chrome-headless-shell-win64\chrome-headless-shell.exe
╔════════════════════════════════════════════════════════════╗
║ Looks like Playwright was just installed or updated.       ║
║ Please run the following command to download new browsers: ║
║                                                            ║
║     playwright install                                     ║
║                                                            ║
║ <3 Playwright Team                                         ║
╚════════════════════════════════════════════════════════════╝
2026-07-15 23:09:24 [ERROR] app.routers.creators: 解析 UP 主名称失败 uid=29235818
Traceback (most recent call last):
  File "D:\chen\bilibili-tag-group\app\routers\creators.py", line 139, in resolve_creator_name
    info = _fetcher.fetch_creator_info(uid)
  File "D:\chen\bilibili-tag-group\app\fetcher\playwright_fetcher.py", line 301, in fetch_creator_info
    context = self._create_context()
  File "D:\chen\bilibili-tag-group\app\fetcher\playwright_fetcher.py", line 123, in _create_context
    browser = self._get_browser(self._headless)
  File "D:\chen\bilibili-tag-group\app\fetcher\playwright_fetcher.py", line 99, in _get_browser
    tl.browser = pw.chromium.launch(headless=headless, args=_BROWSER_ARGS)
                 ~~~~~~~~~~~~~~~~~~^^^^^^^^^^^^^^^^^^^^^^^^^^^^^^^^^^^^^^^
  File "D:\chen\bilibili-tag-group\.venv\Lib\site-packages\playwright\sync_api\_generated.py", line 16515, in launch
    self._sync(
    ~~~~~~~~~~^
        self._impl_obj.launch(
        ^^^^^^^^^^^^^^^^^^^^^^
    ...<17 lines>...
        )
        ^
    )
    ^
  File "D:\chen\bilibili-tag-group\.venv\Lib\site-packages\playwright\_impl\_sync_base.py", line 115, in _sync
    return task.result()
           ~~~~~~~~~~~^^
  File "D:\chen\bilibili-tag-group\.venv\Lib\site-packages\playwright\_impl\_browser_type.py", line 97, in launch
    await self._channel.send(
        "launch", TimeoutSettings.launch_timeout, params
    )
  File "D:\chen\bilibili-tag-group\.venv\Lib\site-packages\playwright\_impl\_connection.py", line 69, in send
    return await self._connection.wrap_api_call(
           ^^^^^^^^^^^^^^^^^^^^^^^^^^^^^^^^^^^^^
    ...<3 lines>...
    )
    ^
  File "D:\chen\bilibili-tag-group\.venv\Lib\site-packages\playwright\_impl\_connection.py", line 563, in wrap_api_call
    raise rewrite_error(error, f"{parsed_st['apiName']}: {error}") from None
playwright._impl._errors.Error: BrowserType.launch: Executable doesn't exist at C:\Users\55012\AppData\Local\ms-playwright\chromium_headless_shell-1228\chrome-headless-shell-win64\chrome-headless-shell.exe
╔════════════════════════════════════════════════════════════╗
║ Looks like Playwright was just installed or updated.       ║
║ Please run the following command to download new browsers: ║
║                                                            ║
║     playwright install                                     ║
║                                                            ║
║ <3 Playwright Team                                         ║
╚════════════════════════════════════════════════════════════╝
2026-07-15 23:09:24 [ERROR] app.routers.creators: 解析 UP 主名称失败 uid=223305228
Traceback (most recent call last):
  File "D:\chen\bilibili-tag-group\app\routers\creators.py", line 139, in resolve_creator_name
    info = _fetcher.fetch_creator_info(uid)
  File "D:\chen\bilibili-tag-group\app\fetcher\playwright_fetcher.py", line 301, in fetch_creator_info
    context = self._create_context()
  File "D:\chen\bilibili-tag-group\app\fetcher\playwright_fetcher.py", line 123, in _create_context
    browser = self._get_browser(self._headless)
  File "D:\chen\bilibili-tag-group\app\fetcher\playwright_fetcher.py", line 99, in _get_browser
    tl.browser = pw.chromium.launch(headless=headless, args=_BROWSER_ARGS)
                 ~~~~~~~~~~~~~~~~~~^^^^^^^^^^^^^^^^^^^^^^^^^^^^^^^^^^^^^^^
  File "D:\chen\bilibili-tag-group\.venv\Lib\site-packages\playwright\sync_api\_generated.py", line 16515, in launch
    self._sync(
    ~~~~~~~~~~^
        self._impl_obj.launch(
        ^^^^^^^^^^^^^^^^^^^^^^
    ...<17 lines>...
        )
        ^
    )
    ^
  File "D:\chen\bilibili-tag-group\.venv\Lib\site-packages\playwright\_impl\_sync_base.py", line 115, in _sync
    return task.result()
           ~~~~~~~~~~~^^
  File "D:\chen\bilibili-tag-group\.venv\Lib\site-packages\playwright\_impl\_browser_type.py", line 97, in launch
    await self._channel.send(
        "launch", TimeoutSettings.launch_timeout, params
    )
  File "D:\chen\bilibili-tag-group\.venv\Lib\site-packages\playwright\_impl\_connection.py", line 69, in send
    return await self._connection.wrap_api_call(
           ^^^^^^^^^^^^^^^^^^^^^^^^^^^^^^^^^^^^^
    ...<3 lines>...
    )
    ^
  File "D:\chen\bilibili-tag-group\.venv\Lib\site-packages\playwright\_impl\_connection.py", line 563, in wrap_api_call
    raise rewrite_error(error, f"{parsed_st['apiName']}: {error}") from None
playwright._impl._errors.Error: BrowserType.launch: Executable doesn't exist at C:\Users\55012\AppData\Local\ms-playwright\chromium_headless_shell-1228\chrome-headless-shell-win64\chrome-headless-shell.exe
╔════════════════════════════════════════════════════════════╗
║ Looks like Playwright was just installed or updated.       ║
║ Please run the following command to download new browsers: ║
║                                                            ║
║     playwright install                                     ║
║                                                            ║
║ <3 Playwright Team                                         ║
╚════════════════════════════════════════════════════════════╝
