INFO:     Started server process [17252]
INFO:     Waiting for application startup.
2026-07-15 23:29:27 [INFO] apscheduler.scheduler: Adding job tentatively -- it will be properly scheduled when the scheduler starts
2026-07-15 23:29:27 [INFO] apscheduler.scheduler: Added job "_make_sync_job" to job store "default"
2026-07-15 23:29:27 [INFO] apscheduler.scheduler: Scheduler started
INFO:     Application startup complete.
INFO:     Uvicorn running on http://127.0.0.1:8000 (Press CTRL+C to quit)
INFO:     127.0.0.1:9677 - "GET /api/sync/settings HTTP/1.1" 200 OK
INFO:     127.0.0.1:9679 - "GET /api/sync/task/current HTTP/1.1" 200 OK
INFO:     127.0.0.1:9681 - "GET /api/sync/immediate-tags HTTP/1.1" 200 OK
INFO:     127.0.0.1:9680 - "GET /api/sync/latest HTTP/1.1" 200 OK
INFO:     127.0.0.1:9684 - "GET /api/tags HTTP/1.1" 200 OK
INFO:     127.0.0.1:6917 - "GET /api/sync/settings HTTP/1.1" 200 OK
INFO:     127.0.0.1:9374 - "GET /api/sync/task/current HTTP/1.1" 200 OK
INFO:     127.0.0.1:7881 - "GET /api/sync/latest HTTP/1.1" 200 OK
INFO:     127.0.0.1:2849 - "GET /api/sync/immediate-tags HTTP/1.1" 200 OK
INFO:     127.0.0.1:2850 - "GET /api/tags HTTP/1.1" 200 OK
INFO:     127.0.0.1:1136 - "GET /api/tags HTTP/1.1" 200 OK
INFO:     127.0.0.1:3646 - "GET /api/tags HTTP/1.1" 200 OK
INFO:     127.0.0.1:3647 - "GET /api/tags/1/videos HTTP/1.1" 200 OK
INFO:     127.0.0.1:4185 - "GET /api/sync/task/current HTTP/1.1" 200 OK
INFO:     127.0.0.1:7303 - "GET /api/sync/settings HTTP/1.1" 200 OK
INFO:     127.0.0.1:7305 - "GET /api/sync/immediate-tags HTTP/1.1" 200 OK
INFO:     127.0.0.1:7304 - "GET /api/sync/latest HTTP/1.1" 200 OK
INFO:     127.0.0.1:7306 - "GET /api/tags HTTP/1.1" 200 OK
INFO:     127.0.0.1:3018 - "GET /api/sync/task/current HTTP/1.1" 200 OK
INFO:     127.0.0.1:10851 - "GET /api/sync/settings HTTP/1.1" 200 OK
INFO:     127.0.0.1:10853 - "GET /api/sync/latest HTTP/1.1" 200 OK
INFO:     127.0.0.1:10852 - "GET /api/sync/immediate-tags HTTP/1.1" 200 OK
INFO:     127.0.0.1:10854 - "GET /api/tags HTTP/1.1" 200 OK
INFO:     127.0.0.1:12176 - "POST /api/sync/run HTTP/1.1" 200 OK
INFO:     127.0.0.1:7645 - "GET /api/sync/task/current HTTP/1.1" 200 OK
INFO:     127.0.0.1:3235 - "GET /api/sync/latest HTTP/1.1" 200 OK
INFO:     127.0.0.1:13910 - "GET /api/creators HTTP/1.1" 200 OK
INFO:     127.0.0.1:3614 - "GET /api/tags HTTP/1.1" 200 OK
INFO:     127.0.0.1:13298 - "GET /api/creators HTTP/1.1" 200 OK
INFO:     127.0.0.1:12785 - "GET /api/tags HTTP/1.1" 200 OK
2026-07-15 23:31:36 [ERROR] app.routers.creators: ˝âÎö UP Ö÷ĂűłĆĘ§°Ü uid=178753244
Traceback (most recent call last):
  File "D:\chen\bilibili-tag-group\app\routers\creators.py", line 139, in resolve_creator_name
    info = _fetcher.fetch_creator_info(uid)
  File "D:\chen\bilibili-tag-group\app\fetcher\playwright_fetcher.py", line 301, in fetch_creator_info
    context = self._create_context()
  File "D:\chen\bilibili-tag-group\app\fetcher\playwright_fetcher.py", line 123, in _create_context
    browser = self._get_browser(self._headless)
  File "D:\chen\bilibili-tag-group\app\fetcher\playwright_fetcher.py", line 99, in _get_browser
    tl.browser = pw.chromium.launch(headless=headless, args=_BROWSER_ARGS)
                 ~~~~~~~~~~~~~~~~~~^^^^^^^^^^^^^^^^^^^^^^^^^^^^^^^^^^^^^^^
  File "D:\chen\bilibili-tag-group\.venv\Lib\site-packages\playwright\sync_api\_generated.py", line 16515, in launch
    self._sync(
    ~~~~~~~~~~^
        self._impl_obj.launch(
        ^^^^^^^^^^^^^^^^^^^^^^
    ...<17 lines>...
        )
        ^
    )
    ^
  File "D:\chen\bilibili-tag-group\.venv\Lib\site-packages\playwright\_impl\_sync_base.py", line 115, in _sync
    return task.result()
           ~~~~~~~~~~~^^
  File "D:\chen\bilibili-tag-group\.venv\Lib\site-packages\playwright\_impl\_browser_type.py", line 97, in launch
    await self._channel.send(
        "launch", TimeoutSettings.launch_timeout, params
    )
  File "D:\chen\bilibili-tag-group\.venv\Lib\site-packages\playwright\_impl\_connection.py", line 69, in send
    return await self._connection.wrap_api_call(
           ^^^^^^^^^^^^^^^^^^^^^^^^^^^^^^^^^^^^^
    ...<3 lines>...
    )
    ^
  File "D:\chen\bilibili-tag-group\.venv\Lib\site-packages\playwright\_impl\_connection.py", line 563, in wrap_api_call
    raise rewrite_error(error, f"{parsed_st['apiName']}: {error}") from None
playwright._impl._errors.Error: BrowserType.launch: Executable doesn't exist at C:\Users\55012\AppData\Local\ms-playwright\chromium_headless_shell-1228\chrome-headless-shell-win64\chrome-headless-shell.exe
¨X¨T¨T¨T¨T¨T¨T¨T¨T¨T¨T¨T¨T¨T¨T¨T¨T¨T¨T¨T¨T¨T¨T¨T¨T¨T¨T¨T¨T¨T¨T¨T¨T¨T¨T¨T¨T¨T¨T¨T¨T¨T¨T¨T¨T¨T¨T¨T¨T¨T¨T¨T¨T¨T¨T¨T¨T¨T¨T¨T¨T¨[
¨U Looks like Playwright was just installed or updated.       ¨U
¨U Please run the following command to download new browsers: ¨U
¨U                                                            ¨U
¨U     playwright install                                     ¨U
¨U                                                            ¨U
¨U <3 Playwright Team                                         ¨U
¨^¨T¨T¨T¨T¨T¨T¨T¨T¨T¨T¨T¨T¨T¨T¨T¨T¨T¨T¨T¨T¨T¨T¨T¨T¨T¨T¨T¨T¨T¨T¨T¨T¨T¨T¨T¨T¨T¨T¨T¨T¨T¨T¨T¨T¨T¨T¨T¨T¨T¨T¨T¨T¨T¨T¨T¨T¨T¨T¨T¨T¨a
2026-07-15 23:31:36 [ERROR] app.routers.creators: ˝âÎö UP Ö÷ĂűłĆĘ§°Ü uid=474417988
Traceback (most recent call last):
  File "D:\chen\bilibili-tag-group\app\routers\creators.py", line 139, in resolve_creator_name
    info = _fetcher.fetch_creator_info(uid)
  File "D:\chen\bilibili-tag-group\app\fetcher\playwright_fetcher.py", line 301, in fetch_creator_info
    context = self._create_context()
  File "D:\chen\bilibili-tag-group\app\fetcher\playwright_fetcher.py", line 123, in _create_context
    browser = self._get_browser(self._headless)
  File "D:\chen\bilibili-tag-group\app\fetcher\playwright_fetcher.py", line 99, in _get_browser
    tl.browser = pw.chromium.launch(headless=headless, args=_BROWSER_ARGS)
                 ~~~~~~~~~~~~~~~~~~^^^^^^^^^^^^^^^^^^^^^^^^^^^^^^^^^^^^^^^
  File "D:\chen\bilibili-tag-group\.venv\Lib\site-packages\playwright\sync_api\_generated.py", line 16515, in launch
    self._sync(
    ~~~~~~~~~~^
        self._impl_obj.launch(
        ^^^^^^^^^^^^^^^^^^^^^^
    ...<17 lines>...
        )
        ^
    )
    ^
  File "D:\chen\bilibili-tag-group\.venv\Lib\site-packages\playwright\_impl\_sync_base.py", line 115, in _sync
    return task.result()
           ~~~~~~~~~~~^^
  File "D:\chen\bilibili-tag-group\.venv\Lib\site-packages\playwright\_impl\_browser_type.py", line 97, in launch
    await self._channel.send(
        "launch", TimeoutSettings.launch_timeout, params
    )
  File "D:\chen\bilibili-tag-group\.venv\Lib\site-packages\playwright\_impl\_connection.py", line 69, in send
    return await self._connection.wrap_api_call(
           ^^^^^^^^^^^^^^^^^^^^^^^^^^^^^^^^^^^^^
    ...<3 lines>...
    )
    ^
  File "D:\chen\bilibili-tag-group\.venv\Lib\site-packages\playwright\_impl\_connection.py", line 563, in wrap_api_call
    raise rewrite_error(error, f"{parsed_st['apiName']}: {error}") from None
playwright._impl._errors.Error: BrowserType.launch: Executable doesn't exist at C:\Users\55012\AppData\Local\ms-playwright\chromium_headless_shell-1228\chrome-headless-shell-win64\chrome-headless-shell.exe
¨X¨T¨T¨T¨T¨T¨T¨T¨T¨T¨T¨T¨T¨T¨T¨T¨T¨T¨T¨T¨T¨T¨T¨T¨T¨T¨T¨T¨T¨T¨T¨T¨T¨T¨T¨T¨T¨T¨T¨T¨T¨T¨T¨T¨T¨T¨T¨T¨T¨T¨T¨T¨T¨T¨T¨T¨T¨T¨T¨T¨T¨[
¨U Looks like Playwright was just installed or updated.       ¨U
¨U Please run the following command to download new browsers: ¨U
¨U                                                            ¨U
¨U     playwright install                                     ¨U
¨U                                                            ¨U
¨U <3 Playwright Team                                         ¨U
¨^¨T¨T¨T¨T¨T¨T¨T¨T¨T¨T¨T¨T¨T¨T¨T¨T¨T¨T¨T¨T¨T¨T¨T¨T¨T¨T¨T¨T¨T¨T¨T¨T¨T¨T¨T¨T¨T¨T¨T¨T¨T¨T¨T¨T¨T¨T¨T¨T¨T¨T¨T¨T¨T¨T¨T¨T¨T¨T¨T¨T¨a
INFO:     127.0.0.1:5253 - "GET /api/creators/resolve-name?profile_url=https%3A%2F%2Fspace.bilibili.com%2F178753244 HTTP/1.1" 500 Internal Server Error
2026-07-15 23:31:36 [ERROR] app.routers.creators: ˝âÎö UP Ö÷ĂűłĆĘ§°Ü uid=223305228
Traceback (most recent call last):
  File "D:\chen\bilibili-tag-group\app\routers\creators.py", line 139, in resolve_creator_name
    info = _fetcher.fetch_creator_info(uid)
  File "D:\chen\bilibili-tag-group\app\fetcher\playwright_fetcher.py", line 301, in fetch_creator_info
    context = self._create_context()
  File "D:\chen\bilibili-tag-group\app\fetcher\playwright_fetcher.py", line 123, in _create_context
    browser = self._get_browser(self._headless)
  File "D:\chen\bilibili-tag-group\app\fetcher\playwright_fetcher.py", line 99, in _get_browser
    tl.browser = pw.chromium.launch(headless=headless, args=_BROWSER_ARGS)
                 ~~~~~~~~~~~~~~~~~~^^^^^^^^^^^^^^^^^^^^^^^^^^^^^^^^^^^^^^^
  File "D:\chen\bilibili-tag-group\.venv\Lib\site-packages\playwright\sync_api\_generated.py", line 16515, in launch
    self._sync(
    ~~~~~~~~~~^
        self._impl_obj.launch(
        ^^^^^^^^^^^^^^^^^^^^^^
    ...<17 lines>...
        )
        ^
    )
    ^
  File "D:\chen\bilibili-tag-group\.venv\Lib\site-packages\playwright\_impl\_sync_base.py", line 115, in _sync
    return task.result()
           ~~~~~~~~~~~^^
  File "D:\chen\bilibili-tag-group\.venv\Lib\site-packages\playwright\_impl\_browser_type.py", line 97, in launch
    await self._channel.send(
        "launch", TimeoutSettings.launch_timeout, params
    )
  File "D:\chen\bilibili-tag-group\.venv\Lib\site-packages\playwright\_impl\_connection.py", line 69, in send
    return await self._connection.wrap_api_call(
           ^^^^^^^^^^^^^^^^^^^^^^^^^^^^^^^^^^^^^
    ...<3 lines>...
    )
    ^
  File "D:\chen\bilibili-tag-group\.venv\Lib\site-packages\playwright\_impl\_connection.py", line 563, in wrap_api_call
    raise rewrite_error(error, f"{parsed_st['apiName']}: {error}") from None
playwright._impl._errors.Error: BrowserType.launch: Executable doesn't exist at C:\Users\55012\AppData\Local\ms-playwright\chromium_headless_shell-1228\chrome-headless-shell-win64\chrome-headless-shell.exe
¨X¨T¨T¨T¨T¨T¨T¨T¨T¨T¨T¨T¨T¨T¨T¨T¨T¨T¨T¨T¨T¨T¨T¨T¨T¨T¨T¨T¨T¨T¨T¨T¨T¨T¨T¨T¨T¨T¨T¨T¨T¨T¨T¨T¨T¨T¨T¨T¨T¨T¨T¨T¨T¨T¨T¨T¨T¨T¨T¨T¨T¨[
¨U Looks like Playwright was just installed or updated.       ¨U
¨U Please run the following command to download new browsers: ¨U
¨U                                                            ¨U
¨U     playwright install                                     ¨U
¨U                                                            ¨U
¨U <3 Playwright Team                                         ¨U
¨^¨T¨T¨T¨T¨T¨T¨T¨T¨T¨T¨T¨T¨T¨T¨T¨T¨T¨T¨T¨T¨T¨T¨T¨T¨T¨T¨T¨T¨T¨T¨T¨T¨T¨T¨T¨T¨T¨T¨T¨T¨T¨T¨T¨T¨T¨T¨T¨T¨T¨T¨T¨T¨T¨T¨T¨T¨T¨T¨T¨T¨a
INFO:     127.0.0.1:5254 - "GET /api/creators/resolve-name?profile_url=https%3A%2F%2Fspace.bilibili.com%2F474417988 HTTP/1.1" 500 Internal Server Error
2026-07-15 23:31:36 [ERROR] app.routers.creators: ˝âÎö UP Ö÷ĂűłĆĘ§°Ü uid=29235818
Traceback (most recent call last):
  File "D:\chen\bilibili-tag-group\app\routers\creators.py", line 139, in resolve_creator_name
    info = _fetcher.fetch_creator_info(uid)
  File "D:\chen\bilibili-tag-group\app\fetcher\playwright_fetcher.py", line 301, in fetch_creator_info
    context = self._create_context()
  File "D:\chen\bilibili-tag-group\app\fetcher\playwright_fetcher.py", line 123, in _create_context
    browser = self._get_browser(self._headless)
  File "D:\chen\bilibili-tag-group\app\fetcher\playwright_fetcher.py", line 99, in _get_browser
    tl.browser = pw.chromium.launch(headless=headless, args=_BROWSER_ARGS)
                 ~~~~~~~~~~~~~~~~~~^^^^^^^^^^^^^^^^^^^^^^^^^^^^^^^^^^^^^^^
  File "D:\chen\bilibili-tag-group\.venv\Lib\site-packages\playwright\sync_api\_generated.py", line 16515, in launch
    self._sync(
    ~~~~~~~~~~^
        self._impl_obj.launch(
        ^^^^^^^^^^^^^^^^^^^^^^
    ...<17 lines>...
        )
        ^
    )
    ^
  File "D:\chen\bilibili-tag-group\.venv\Lib\site-packages\playwright\_impl\_sync_base.py", line 115, in _sync
    return task.result()
           ~~~~~~~~~~~^^
  File "D:\chen\bilibili-tag-group\.venv\Lib\site-packages\playwright\_impl\_browser_type.py", line 97, in launch
    await self._channel.send(
        "launch", TimeoutSettings.launch_timeout, params
    )
  File "D:\chen\bilibili-tag-group\.venv\Lib\site-packages\playwright\_impl\_connection.py", line 69, in send
    return await self._connection.wrap_api_call(
           ^^^^^^^^^^^^^^^^^^^^^^^^^^^^^^^^^^^^^
    ...<3 lines>...
    )
    ^
  File "D:\chen\bilibili-tag-group\.venv\Lib\site-packages\playwright\_impl\_connection.py", line 563, in wrap_api_call
    raise rewrite_error(error, f"{parsed_st['apiName']}: {error}") from None
playwright._impl._errors.Error: BrowserType.launch: Executable doesn't exist at C:\Users\55012\AppData\Local\ms-playwright\chromium_headless_shell-1228\chrome-headless-shell-win64\chrome-headless-shell.exe
¨X¨T¨T¨T¨T¨T¨T¨T¨T¨T¨T¨T¨T¨T¨T¨T¨T¨T¨T¨T¨T¨T¨T¨T¨T¨T¨T¨T¨T¨T¨T¨T¨T¨T¨T¨T¨T¨T¨T¨T¨T¨T¨T¨T¨T¨T¨T¨T¨T¨T¨T¨T¨T¨T¨T¨T¨T¨T¨T¨T¨T¨[
¨U Looks like Playwright was just installed or updated.       ¨U
¨U Please run the following command to download new browsers: ¨U
¨U                                                            ¨U
¨U     playwright install                                     ¨U
¨U                                                            ¨U
¨U <3 Playwright Team                                         ¨U
¨^¨T¨T¨T¨T¨T¨T¨T¨T¨T¨T¨T¨T¨T¨T¨T¨T¨T¨T¨T¨T¨T¨T¨T¨T¨T¨T¨T¨T¨T¨T¨T¨T¨T¨T¨T¨T¨T¨T¨T¨T¨T¨T¨T¨T¨T¨T¨T¨T¨T¨T¨T¨T¨T¨T¨T¨T¨T¨T¨T¨T¨a
INFO:     127.0.0.1:5251 - "GET /api/creators/resolve-name?profile_url=https%3A%2F%2Fspace.bilibili.com%2F223305228 HTTP/1.1" 500 Internal Server Error
INFO:     127.0.0.1:5255 - "GET /api/creators/resolve-name?profile_url=https%3A%2F%2Fspace.bilibili.com%2F29235818 HTTP/1.1" 500 Internal Server Error
